Command to run:
Rscript --default-packages=methods,stats,utils runner.R script.Rmd inputs.json /tmp/97eddca0-9b25-4f5f-9ea5-0828222b2358/77496650-e39d-4e7b-8d37-af8903c01981
Command to run:
Rscript --default-packages=methods,stats,utils runner.R script.Rmd inputs.json /tmp/22341d65-9746-44b0-905f-40fe8341ca64/894f0fbe-feab-427a-b841-a7198662ac1f
Command to run:
Rscript --default-packages=methods,stats,utils runner.R script.Rmd inputs.json /tmp/17eb1a7c-ca16-4263-8ef1-e3f1d6479986/9b12b1a6-60fc-419f-beac-ad831df5d20d
Traceback (most recent call last):
  File "/app/.heroku/python/lib/python3.6/site-packages/paramiko/transport.py", line 2138, in _check_banner
    buf = self.packetizer.readline(timeout)
  File "/app/.heroku/python/lib/python3.6/site-packages/paramiko/packet.py", line 367, in readline
    buf += self._read_timeout(timeout)
  File "/app/.heroku/python/lib/python3.6/site-packages/paramiko/packet.py", line 563, in _read_timeout
    raise EOFError()
EOFError

During handling of the above exception, another exception occurred:

Traceback (most recent call last):
  File "/app/cluster/redirect_logs.py", line 13, in redirect_logs
    yield
  File "/app/cluster/ghap/submit_jobs.py", line 230, in submit_job
    run_ghap_job(job)
  File "/app/cluster/ghap/submit_jobs.py", line 219, in run_ghap_job
    output = upload_to_ghap(c, job, username, password)
  File "/app/.heroku/python/lib/python3.6/site-packages/backoff/_sync.py", line 94, in retry
    ret = target(*args, **kwargs)
  File "/app/cluster/ghap/submit_jobs.py", line 193, in upload_to_ghap
    c.put(tar_fullpath, remote=temp_base_dir)
  File "/app/.heroku/python/lib/python3.6/site-packages/fabric/connection.py", line 767, in put
    return Transfer(self).put(*args, **kwargs)
  File "/app/.heroku/python/lib/python3.6/site-packages/fabric/transfer.py", line 212, in put
    elif self.is_remote_dir(remote):
  File "/app/.heroku/python/lib/python3.6/site-packages/fabric/transfer.py", line 37, in is_remote_dir
    return stat.S_ISDIR(self.sftp.stat(path).st_mode)
  File "/app/.heroku/python/lib/python3.6/site-packages/fabric/transfer.py", line 33, in sftp
    return self.connection.sftp()
  File "<decorator-gen-5>", line 2, in sftp
  File "/app/.heroku/python/lib/python3.6/site-packages/fabric/connection.py", line 29, in opens
    self.open()
  File "/app/.heroku/python/lib/python3.6/site-packages/fabric/connection.py", line 615, in open
    self.client.connect(**kwargs)
  File "/app/.heroku/python/lib/python3.6/site-packages/paramiko/client.py", line 397, in connect
    t.start_client(timeout=timeout)
  File "/app/.heroku/python/lib/python3.6/site-packages/paramiko/transport.py", line 587, in start_client
    raise e
  File "/app/.heroku/python/lib/python3.6/site-packages/paramiko/transport.py", line 1966, in run
    self._check_banner()
  File "/app/.heroku/python/lib/python3.6/site-packages/paramiko/transport.py", line 2143, in _check_banner
    "Error reading SSH protocol banner" + str(e)
paramiko.ssh_exception.SSHException: Error reading SSH protocol banner


